2019-06-04 13:10:06,011 ERROR "GET /ansible/get_groups HTTP/1.1" 500 292196
2019-06-04 13:29:08,220 INFO "GET / HTTP/1.1" 302 0
2019-06-04 13:29:08,245 INFO "GET /ansible/ HTTP/1.1" 200 7214
2019-06-04 13:29:10,527 INFO "GET /ansible/get_Ansible_Tasks HTTP/1.1" 200 11108
2019-06-04 13:29:12,022 INFO "GET /ansible/push_task HTTP/1.1" 200 5126
2019-06-04 13:29:41,592 INFO "GET /ansible/push_task HTTP/1.1" 200 5140
2019-06-04 13:29:41,776 INFO "GET /static/favicon.ico HTTP/1.1" 200 48053
2019-06-04 13:29:43,236 INFO "GET /ansible/push_task HTTP/1.1" 200 5140
2019-06-04 13:29:43,362 INFO "GET /static/favicon.ico HTTP/1.1" 200 48053
2019-06-04 13:29:59,861 INFO "GET /ansible/push_task HTTP/1.1" 200 5140
2019-06-04 13:30:00,036 INFO "GET /static/favicon.ico HTTP/1.1" 200 48053
2019-06-04 13:45:23,834 INFO "GET /notes HTTP/1.1" 301 0
2019-06-04 13:45:23,884 INFO "GET /notes/ HTTP/1.1" 200 4510
2019-06-04 13:45:26,284 INFO "GET /notes/?dataKey=Etcd.md HTTP/1.1" 200 66234
2019-06-04 13:46:11,660 INFO "GET /ansible/push_playbook HTTP/1.1" 200 15767
2019-06-04 13:46:13,194 INFO "GET /ansible/push_task HTTP/1.1" 200 5140
2019-06-04 13:46:14,512 INFO "GET /ansible/push_playbook HTTP/1.1" 200 15767
2019-06-04 13:47:27,938 INFO "GET /ansible/push_task HTTP/1.1" 200 5140
2019-06-04 13:48:00,353 INFO "GET /ansible/push_playbook HTTP/1.1" 200 15767
2019-06-04 13:48:01,113 INFO "GET /ansible/push_task HTTP/1.1" 200 5140
2019-06-04 13:48:02,674 INFO "GET /ansible/get_Ansible_Tasks HTTP/1.1" 200 11108
2019-06-04 13:48:04,354 INFO "GET /ansible/get_funcs HTTP/1.1" 200 7307
2019-06-04 13:49:14,119 ERROR "GET /ansible/get_funcs/7 HTTP/1.1" 500 91387
2019-06-05 15:45:11,741 INFO "GET / HTTP/1.1" 302 0
2019-06-05 15:45:11,836 INFO "GET /ansible/ HTTP/1.1" 200 7214
2019-06-05 15:45:11,902 INFO "GET /static/jsonformat.js HTTP/1.1" 304 0
2019-06-05 15:45:11,903 INFO "GET /static/codecss/default.css HTTP/1.1" 304 0
2019-06-05 15:45:12,016 INFO "GET /static/images/019.jpg HTTP/1.1" 304 0
2019-06-05 15:45:13,654 INFO "GET /ansible/push_task HTTP/1.1" 200 9907
2019-06-05 15:45:55,425 INFO "GET /ansible/push_task HTTP/1.1" 200 9916
2019-06-05 15:45:55,648 INFO "GET /static/favicon.ico HTTP/1.1" 200 48053
2019-06-05 15:46:04,833 INFO "GET /ansible/push_task HTTP/1.1" 200 9907
2019-06-05 15:46:05,061 INFO "GET /static/favicon.ico HTTP/1.1" 200 48053
2019-06-05 15:47:30,624 INFO "GET /ansible/push_task HTTP/1.1" 200 9923
2019-06-05 15:47:30,841 INFO "GET /static/favicon.ico HTTP/1.1" 200 48053
2019-06-05 15:47:43,426 INFO "GET /ansible/push_task HTTP/1.1" 200 9914
2019-06-05 15:47:43,681 INFO "GET /static/favicon.ico HTTP/1.1" 200 48053
2019-06-05 15:50:06,899 INFO "GET /ansible/push_task HTTP/1.1" 200 9974
2019-06-05 15:50:07,158 INFO "GET /static/favicon.ico HTTP/1.1" 200 48053
2019-06-05 15:50:36,429 INFO "GET /ansible/push_task HTTP/1.1" 200 9992
2019-06-05 15:50:36,706 INFO "GET /static/favicon.ico HTTP/1.1" 200 48053
2019-06-05 15:51:10,141 INFO "GET /ansible/push_task HTTP/1.1" 200 10020
2019-06-05 15:51:10,363 INFO "GET /static/favicon.ico HTTP/1.1" 200 48053
2019-06-05 15:52:03,375 INFO "GET /ansible/push_task HTTP/1.1" 200 10139
2019-06-05 15:52:03,567 INFO "GET /static/favicon.ico HTTP/1.1" 200 48053
2019-06-05 15:52:05,080 INFO "GET /ansible/get_modules/shell HTTP/1.1" 200 71
2019-06-05 15:52:07,472 INFO "GET /ansible/get_modules/blockinfile HTTP/1.1" 200 46
2019-06-05 15:52:56,760 INFO "GET /ansible/push_task HTTP/1.1" 200 10150
2019-06-05 15:52:57,022 INFO "GET /static/favicon.ico HTTP/1.1" 200 48053
2019-06-05 15:52:59,132 INFO "GET /ansible/get_modules/copy HTTP/1.1" 200 92
2019-06-05 15:53:01,868 INFO "GET /ansible/get_modules/template HTTP/1.1" 200 71
2019-06-05 15:53:04,493 INFO "GET /ansible/get_modules/blockinfile HTTP/1.1" 200 46
2019-06-05 16:10:56,649 INFO "GET /ansible/push_task HTTP/1.1" 200 10202
2019-06-05 16:10:56,906 INFO "GET /static/favicon.ico HTTP/1.1" 200 48053
2019-06-05 16:10:59,390 INFO "GET /ansible/get_modules/copy HTTP/1.1" 200 92
2019-06-05 16:12:13,956 INFO "GET /ansible/push_task HTTP/1.1" 200 10242
2019-06-05 16:12:14,200 INFO "GET /static/favicon.ico HTTP/1.1" 200 48053
2019-06-05 16:12:15,742 INFO "GET /ansible/get_modules/copy HTTP/1.1" 200 92
2019-06-05 16:14:20,968 INFO "GET /ansible/push_task HTTP/1.1" 200 10254
2019-06-05 16:14:21,284 INFO "GET /static/favicon.ico HTTP/1.1" 200 48053
2019-06-05 16:14:22,763 INFO "GET /ansible/get_modules/copy HTTP/1.1" 200 92
2019-06-05 16:17:40,628 INFO "GET /ansible/push_task HTTP/1.1" 200 10258
2019-06-05 16:17:40,961 INFO "GET /static/favicon.ico HTTP/1.1" 200 48053
2019-06-05 16:17:42,361 INFO "GET /ansible/get_modules/copy HTTP/1.1" 200 92
2019-06-05 16:19:59,529 INFO "GET /ansible/push_task HTTP/1.1" 200 10318
2019-06-05 16:19:59,795 INFO "GET /static/favicon.ico HTTP/1.1" 200 48053
2019-06-05 16:20:01,217 INFO "GET /ansible/get_modules/copy HTTP/1.1" 200 92
2019-06-05 16:20:48,623 INFO "GET /ansible/push_task HTTP/1.1" 200 10504
2019-06-05 16:20:48,855 INFO "GET /static/favicon.ico HTTP/1.1" 200 48053
2019-06-05 16:21:14,201 INFO "GET /ansible/push_task HTTP/1.1" 200 10464
2019-06-05 16:21:14,472 INFO "GET /static/favicon.ico HTTP/1.1" 200 48053
2019-06-05 16:21:22,094 INFO "GET /ansible/push_task HTTP/1.1" 200 10464
2019-06-05 16:21:22,300 INFO "GET /static/favicon.ico HTTP/1.1" 200 48053
2019-06-05 16:21:27,753 INFO "GET /ansible/push_task HTTP/1.1" 200 10465
2019-06-05 16:21:28,010 INFO "GET /static/favicon.ico HTTP/1.1" 200 48053
2019-06-05 16:21:49,354 INFO "GET /ansible/push_task HTTP/1.1" 200 10460
2019-06-05 16:21:49,579 INFO "GET /static/favicon.ico HTTP/1.1" 200 48053
2019-06-05 16:21:50,529 INFO "GET /ansible/push_task HTTP/1.1" 200 10460
2019-06-05 16:21:50,765 INFO "GET /static/favicon.ico HTTP/1.1" 200 48053
2019-06-05 16:21:52,690 INFO "GET /ansible/get_modules/copy HTTP/1.1" 200 92
2019-06-05 16:24:28,542 INFO "GET /ansible/push_task HTTP/1.1" 200 10522
2019-06-05 16:24:28,585 INFO "GET /static/jsonformat.css HTTP/1.1" 200 545
2019-06-05 16:24:28,780 INFO "GET /static/favicon.ico HTTP/1.1" 200 48053
2019-06-05 16:24:31,038 INFO "GET /ansible/get_modules/shell HTTP/1.1" 200 71
2019-06-05 16:24:33,606 INFO "GET /ansible/get_modules/blockinfile HTTP/1.1" 200 46
2019-06-05 16:24:41,114 INFO "GET /ansible/push_task HTTP/1.1" 200 10522
2019-06-05 16:24:41,207 INFO "GET /static/jsonformat.css HTTP/1.1" 200 545
2019-06-05 16:24:41,207 INFO "GET /static/codecss/default.css HTTP/1.1" 200 4438
2019-06-05 16:24:41,208 INFO "GET /static/bootstrap/css/bootstrap-theme.min.css HTTP/1.1" 200 23357
2019-06-05 16:24:41,215 INFO "GET /static/jquery.min.js HTTP/1.1" 200 84249
2019-06-05 16:24:41,215 INFO "GET /static/jsonformat.js HTTP/1.1" 200 969
2019-06-05 16:24:41,221 INFO "GET /static/bootstrap/js/bootstrap.min.js HTTP/1.1" 200 36816
2019-06-05 16:24:41,228 INFO "GET /static/echarts.min.js HTTP/1.1" 200 747588
2019-06-05 16:24:41,229 INFO "GET /static/bootstrap/css/bootstrap.min.css HTTP/1.1" 200 122540
2019-06-05 16:24:41,385 INFO "GET /static/images/019.jpg HTTP/1.1" 200 214531
2019-06-05 16:24:41,535 INFO "GET /static/favicon.ico HTTP/1.1" 200 48053
2019-06-05 16:24:43,768 INFO "GET /ansible/get_modules/template HTTP/1.1" 200 71
2019-06-05 16:24:46,935 INFO "GET /ansible/get_modules/blockinfile HTTP/1.1" 200 46
2019-06-05 16:25:12,615 INFO "GET /ansible/get_modules/copy HTTP/1.1" 200 92
2019-06-05 16:25:15,681 INFO "GET /ansible/get_modules/shell HTTP/1.1" 200 71
2019-06-05 16:25:33,842 INFO "GET /ansible/push_task HTTP/1.1" 200 10531
2019-06-05 16:25:33,898 INFO "GET /static/jsonformat.css HTTP/1.1" 304 0
2019-06-05 16:25:34,215 INFO "GET /static/favicon.ico HTTP/1.1" 200 48053
2019-06-05 16:25:38,090 INFO "GET /ansible/get_Ansible_Tasks HTTP/1.1" 200 11310
2019-06-05 16:25:41,456 INFO "GET /ansible/push_task HTTP/1.1" 200 10531
2019-06-05 16:25:43,601 INFO "GET /ansible/get_modules/copy HTTP/1.1" 200 92
2019-06-05 16:25:47,962 INFO "GET /ansible/get_modules/blockinfile HTTP/1.1" 200 46
2019-06-05 16:25:51,508 INFO "GET /ansible/get_modules/shell HTTP/1.1" 200 71
2019-06-05 16:25:53,668 ERROR "GET /ansible/get_modules/None HTTP/1.1" 500 17140
2019-06-05 16:25:56,589 INFO "GET /ansible/get_modules/template HTTP/1.1" 200 71
2019-06-05 16:25:59,258 INFO "GET /ansible/get_modules/blockinfile HTTP/1.1" 200 46
2019-06-05 16:26:01,236 INFO "GET /ansible/get_modules/copy HTTP/1.1" 200 92
2019-06-05 16:28:02,676 INFO "GET /ansible/push_task HTTP/1.1" 200 10518
2019-06-05 16:28:02,721 INFO "GET /static/jsonformat.css HTTP/1.1" 304 0
2019-06-05 16:28:02,984 INFO "GET /static/favicon.ico HTTP/1.1" 200 48053
2019-06-05 16:28:06,362 INFO "GET /ansible/get_modules/shell HTTP/1.1" 200 71
2019-06-05 16:28:09,407 INFO "GET /ansible/get_modules/copy HTTP/1.1" 200 92
2019-06-05 16:38:11,233 INFO "GET /ansible/push_task HTTP/1.1" 200 10535
2019-06-05 16:38:11,273 INFO "GET /static/jsonformat.css HTTP/1.1" 304 0
2019-06-05 16:38:11,495 INFO "GET /static/favicon.ico HTTP/1.1" 200 48053
2019-06-05 16:38:13,606 INFO "GET /ansible/get_modules/shell HTTP/1.1" 200 71
2019-06-05 16:38:16,874 INFO "GET /ansible/get_modules/copy HTTP/1.1" 200 92
2019-06-05 16:38:38,182 INFO "GET /ansible/push_task HTTP/1.1" 200 10537
2019-06-05 16:38:38,434 INFO "GET /static/favicon.ico HTTP/1.1" 200 48053
2019-06-05 16:38:40,199 INFO "GET /ansible/get_modules/copy HTTP/1.1" 200 92
2019-06-05 16:44:45,695 INFO "GET /ansible/push_task HTTP/1.1" 200 10537
2019-06-05 16:44:45,733 INFO "GET /static/jsonformat.css HTTP/1.1" 304 0
2019-06-05 16:44:45,915 INFO "GET /static/favicon.ico HTTP/1.1" 200 48053
2019-06-05 16:44:47,643 INFO "GET /ansible/get_modules/shell HTTP/1.1" 200 71
2019-06-05 16:44:49,111 INFO "GET /ansible/get_modules/copy HTTP/1.1" 200 92
2019-06-05 17:14:03,989 INFO "GET /ansible/push_task HTTP/1.1" 200 10537
2019-06-05 17:14:04,016 INFO "GET /static/jsonformat.css HTTP/1.1" 304 0
2019-06-05 17:14:04,185 INFO "GET /static/favicon.ico HTTP/1.1" 200 48053
2019-06-05 17:38:42,926 INFO "GET /ansible/push_playbook HTTP/1.1" 200 15829
2019-06-05 17:38:42,969 INFO "GET /static/jsonformat.css HTTP/1.1" 304 0
2019-06-05 17:40:46,711 INFO "GET /ansible/push_playbook HTTP/1.1" 200 15829
2019-06-05 17:40:46,893 INFO "GET /static/favicon.ico HTTP/1.1" 200 48053
2019-06-05 17:40:47,947 INFO "GET /ansible/ HTTP/1.1" 200 7273
2019-06-05 17:40:55,310 INFO "GET /ansible/dashboard HTTP/1.1" 200 4615
2019-06-05 17:41:21,444 INFO "GET /ansible/dashboard HTTP/1.1" 200 4615
2019-06-05 17:42:15,488 INFO "GET /ansible/dashboard HTTP/1.1" 200 4629
2019-06-05 17:42:15,661 INFO "GET /static/favicon.ico HTTP/1.1" 200 48053
2019-06-05 17:42:44,530 INFO "GET /ansible/dashboard HTTP/1.1" 200 4665
2019-06-05 17:42:44,718 INFO "GET /static/favicon.ico HTTP/1.1" 200 48053
2019-06-05 17:43:02,113 INFO "GET /ansible/dashboard HTTP/1.1" 200 4668
2019-06-05 17:43:02,297 INFO "GET /static/favicon.ico HTTP/1.1" 200 48053
2019-06-05 17:43:04,916 ERROR "GET /ansible/get_groups HTTP/1.1" 500 293126
2019-06-05 17:43:05,419 WARNING "GET /favicon.ico HTTP/1.1" 404 2629
2019-06-05 17:43:32,715 INFO "GET /ansible/dashboard HTTP/1.1" 200 4668
2019-06-05 17:43:32,864 INFO "GET /static/favicon.ico HTTP/1.1" 200 48053
2019-06-05 18:14:57,595 INFO "GET /ansible/dashboard HTTP/1.1" 200 4664
2019-06-05 18:14:57,624 INFO "GET /static/jsonformat.css HTTP/1.1" 304 0
2019-06-05 18:14:57,784 INFO "GET /static/favicon.ico HTTP/1.1" 200 48053
2019-06-05 18:14:58,893 INFO "GET /ansible/dashboard HTTP/1.1" 200 4664
2019-06-05 18:15:00,014 INFO "GET /ansible/ HTTP/1.1" 200 7274
2019-06-05 18:16:03,425 INFO "GET /ansible/ HTTP/1.1" 200 7277
2019-06-05 18:16:03,516 INFO "GET /static/jsonformat.js HTTP/1.1" 200 969
2019-06-05 18:16:03,517 INFO "GET /static/bootstrap/js/bootstrap.min.js HTTP/1.1" 200 36816
2019-06-05 18:16:03,518 INFO "GET /static/echarts.min.js HTTP/1.1" 200 747588
2019-06-05 18:16:03,520 INFO "GET /static/jquery.min.js HTTP/1.1" 200 84249
2019-06-05 18:16:03,651 INFO "GET /static/images/019.jpg HTTP/1.1" 200 214531
2019-06-05 18:16:04,141 INFO "GET /static/favicon.ico HTTP/1.1" 200 48053
2019-06-05 18:16:05,738 INFO "GET /ansible/ HTTP/1.1" 200 7277
2019-06-05 18:16:05,984 INFO "GET /static/favicon.ico HTTP/1.1" 200 48053
2019-06-05 18:16:07,467 INFO "GET /ansible/ HTTP/1.1" 200 7275
2019-06-05 18:16:07,743 INFO "GET /static/favicon.ico HTTP/1.1" 200 48053
2019-06-05 18:24:07,574 INFO "GET /ansible/ HTTP/1.1" 200 7270
2019-06-05 18:24:07,837 INFO "GET /static/favicon.ico HTTP/1.1" 200 48053
2019-06-05 18:33:57,401 INFO "GET /ansible/ HTTP/1.1" 200 7271
2019-06-05 18:33:57,436 INFO "GET /static/jsonformat.css HTTP/1.1" 304 0
2019-06-05 18:33:57,689 INFO "GET /static/favicon.ico HTTP/1.1" 200 48053
2019-06-06 11:04:47,236 INFO "GET / HTTP/1.1" 302 0
2019-06-06 11:04:47,284 INFO "GET /ansible/ HTTP/1.1" 200 7271
2019-06-06 11:04:47,363 INFO "GET /static/jsonformat.css HTTP/1.1" 304 0
2019-06-06 11:04:47,366 INFO "GET /static/codecss/default.css HTTP/1.1" 304 0
2019-06-06 11:04:49,042 INFO "GET /ansible/dashboard HTTP/1.1" 200 7453
2019-06-06 11:05:20,408 INFO "GET /ansible/dashboard HTTP/1.1" 200 7543
2019-06-06 11:05:20,650 INFO "GET /static/favicon.ico HTTP/1.1" 200 48053
2019-06-06 11:05:21,768 INFO "GET /ansible/dashboard HTTP/1.1" 200 7543
2019-06-06 11:05:21,957 INFO "GET /static/favicon.ico HTTP/1.1" 200 48053
2019-06-06 11:05:31,114 INFO "GET /ansible/dashboard HTTP/1.1" 200 7543
2019-06-06 11:05:31,374 INFO "GET /static/favicon.ico HTTP/1.1" 200 48053
2019-06-06 11:05:32,984 INFO "GET /ansible/dashboard HTTP/1.1" 200 7543
2019-06-06 11:05:33,044 INFO "GET /static/codecss/default.css HTTP/1.1" 200 4438
2019-06-06 11:05:33,053 INFO "GET /static/jsonformat.css HTTP/1.1" 200 545
2019-06-06 11:05:33,054 INFO "GET /static/jsonformat.js HTTP/1.1" 200 969
2019-06-06 11:05:33,056 INFO "GET /static/bootstrap/css/bootstrap-theme.min.css HTTP/1.1" 200 23357
2019-06-06 11:05:33,058 INFO "GET /static/jquery.min.js HTTP/1.1" 200 84249
2019-06-06 11:05:33,066 INFO "GET /static/bootstrap/css/bootstrap.min.css HTTP/1.1" 200 122540
2019-06-06 11:05:33,078 INFO "GET /static/bootstrap/js/bootstrap.min.js HTTP/1.1" 200 36816
2019-06-06 11:05:33,091 INFO "GET /static/echarts.min.js HTTP/1.1" 200 747588
2019-06-06 11:05:33,279 INFO "GET /static/images/019.jpg HTTP/1.1" 200 214531
2019-06-06 11:05:33,440 INFO "GET /static/favicon.ico HTTP/1.1" 200 48053
2019-06-06 11:07:13,734 INFO "GET /ansible/dashboard HTTP/1.1" 200 7569
2019-06-06 11:07:14,075 INFO "GET /static/favicon.ico HTTP/1.1" 200 48053
2019-06-06 11:07:14,719 INFO "GET /ansible/dashboard HTTP/1.1" 200 7569
2019-06-06 11:07:15,001 INFO "GET /static/favicon.ico HTTP/1.1" 200 48053
2019-06-06 11:07:53,401 INFO "GET /ansible/dashboard HTTP/1.1" 200 6953
2019-06-06 11:07:53,651 INFO "GET /static/favicon.ico HTTP/1.1" 200 48053
2019-06-06 11:07:54,950 INFO "GET /ansible/dashboard HTTP/1.1" 200 6953
2019-06-06 11:07:55,154 INFO "GET /static/favicon.ico HTTP/1.1" 200 48053
2019-06-06 11:09:15,759 INFO "GET /ansible/dashboard HTTP/1.1" 200 5337
2019-06-06 11:09:16,219 INFO "GET /static/favicon.ico HTTP/1.1" 200 48053
2019-06-06 11:14:23,297 INFO "GET /ansible/dashboard HTTP/1.1" 200 7528
2019-06-06 11:14:23,525 INFO "GET /static/favicon.ico HTTP/1.1" 200 48053
2019-06-06 11:14:24,547 INFO "GET /ansible/dashboard HTTP/1.1" 200 7528
2019-06-06 11:14:24,751 INFO "GET /static/favicon.ico HTTP/1.1" 200 48053
2019-06-06 11:14:49,041 INFO "GET /ansible/dashboard HTTP/1.1" 200 7584
2019-06-06 11:14:49,234 INFO "GET /static/favicon.ico HTTP/1.1" 200 48053
2019-06-06 11:14:50,018 INFO "GET /ansible/dashboard HTTP/1.1" 200 7584
2019-06-06 11:14:50,190 INFO "GET /static/favicon.ico HTTP/1.1" 200 48053
2019-06-06 11:14:51,264 INFO "GET /ansible/dashboard HTTP/1.1" 200 7584
2019-06-06 11:14:51,443 INFO "GET /static/favicon.ico HTTP/1.1" 200 48053
2019-06-06 11:14:51,541 INFO "GET /ansible/dashboard HTTP/1.1" 200 7584
2019-06-06 11:14:51,752 INFO "GET /ansible/dashboard HTTP/1.1" 200 7584
2019-06-06 11:14:51,933 INFO "GET /static/favicon.ico HTTP/1.1" 200 48053
2019-06-06 11:14:52,526 INFO "GET /ansible/dashboard HTTP/1.1" 200 7584
2019-06-06 11:14:52,696 INFO "GET /static/favicon.ico HTTP/1.1" 200 48053
2019-06-06 11:15:31,374 INFO "GET /ansible/dashboard HTTP/1.1" 200 5109
2019-06-06 11:15:31,607 INFO "GET /static/favicon.ico HTTP/1.1" 200 48053
2019-06-06 11:15:32,607 INFO "GET /ansible/dashboard HTTP/1.1" 200 5109
2019-06-06 11:15:32,787 INFO "GET /static/favicon.ico HTTP/1.1" 200 48053
2019-06-06 11:15:33,797 INFO "GET /ansible/dashboard HTTP/1.1" 200 5109
2019-06-06 11:15:33,839 INFO "GET /static/codecss/default.css HTTP/1.1" 200 4438
2019-06-06 11:15:33,847 INFO "GET /static/bootstrap/css/bootstrap-theme.min.css HTTP/1.1" 200 23357
2019-06-06 11:15:33,854 INFO "GET /static/jsonformat.css HTTP/1.1" 200 545
2019-06-06 11:15:33,855 INFO "GET /static/jsonformat.js HTTP/1.1" 200 969
2019-06-06 11:15:33,856 INFO "GET /static/bootstrap/css/bootstrap.min.css HTTP/1.1" 200 122540
2019-06-06 11:15:33,858 INFO "GET /static/bootstrap/js/bootstrap.min.js HTTP/1.1" 200 36816
2019-06-06 11:15:33,859 INFO "GET /static/jquery.min.js HTTP/1.1" 200 84249
2019-06-06 11:15:33,873 INFO "GET /static/echarts.min.js HTTP/1.1" 200 747588
2019-06-06 11:15:33,988 INFO "GET /static/images/019.jpg HTTP/1.1" 200 214531
2019-06-06 11:15:34,087 INFO "GET /static/favicon.ico HTTP/1.1" 200 48053
2019-06-06 11:15:55,829 INFO "GET /ansible/dashboard HTTP/1.1" 200 5141
2019-06-06 11:15:56,185 INFO "GET /static/favicon.ico HTTP/1.1" 200 48053
2019-06-06 11:16:16,331 INFO "GET /ansible/dashboard HTTP/1.1" 200 5153
2019-06-06 11:16:16,621 INFO "GET /static/favicon.ico HTTP/1.1" 200 48053
2019-06-06 11:17:11,215 INFO "GET /ansible/dashboard HTTP/1.1" 200 5153
2019-06-06 11:17:12,714 INFO "GET /ansible/ HTTP/1.1" 200 7271
2019-06-06 11:17:45,321 INFO "GET /ansible/get_funcs HTTP/1.1" 200 7369
2019-06-06 11:17:48,573 INFO "GET /ansible/push_playbook HTTP/1.1" 200 15829
2019-06-06 11:17:50,311 INFO "GET /ansible/push_task HTTP/1.1" 200 10543
2019-06-06 11:17:51,790 INFO "GET /ansible/get_Ansible_Tasks HTTP/1.1" 200 11321
2019-06-06 11:17:53,586 INFO "GET /ansible/get_Ansible_Tasks/?dataKey=AnsibleApiPlaybook-20190604-094656 HTTP/1.1" 200 56570
2019-06-06 11:17:57,724 INFO "GET /ansible/push_task HTTP/1.1" 200 10543
2019-06-06 11:18:00,118 INFO "GET /ansible/get_modules/copy HTTP/1.1" 200 92
2019-06-06 11:22:25,298 ERROR "GET /ansible/get_hosts HTTP/1.1" 500 290875
2019-06-06 11:22:25,848 WARNING "GET /favicon.ico HTTP/1.1" 404 2629
2019-06-10 16:31:05,575 INFO "GET / HTTP/1.1" 302 0
2019-06-10 16:31:09,037 INFO "GET / HTTP/1.1" 302 0
2019-06-10 16:35:23,198 INFO "GET /ansible/opt_task_api/ HTTP/1.1" 200 35
2019-06-10 16:37:12,513 INFO "GET /ansible/opt_task_api/ HTTP/1.1" 200 35
2019-06-10 16:37:14,710 INFO "GET /ansible/opt_task_api/ HTTP/1.1" 200 35
2019-06-10 16:37:30,136 INFO "GET /ansible/opt_task_api/ HTTP/1.1" 200 35
2019-06-10 16:37:31,519 INFO "GET /ansible/opt_task_api/ HTTP/1.1" 200 35
2019-06-10 16:37:47,190 ERROR "GET /ansible/opt_task_api/ HTTP/1.1" 500 84437
2019-06-10 16:37:48,687 ERROR "GET /ansible/opt_task_api/ HTTP/1.1" 500 84437
2019-06-10 16:37:52,989 ERROR "GET /ansible/opt_task_api/ HTTP/1.1" 500 84437
2019-06-10 16:37:56,468 ERROR "HEAD /ansible/opt_task_api/ HTTP/1.1" 500 84446
2019-06-10 16:38:01,356 ERROR "HEAD /ansible/opt_task_api/ HTTP/1.1" 500 84446
2019-06-10 16:38:02,629 ERROR "HEAD /ansible/opt_task_api/ HTTP/1.1" 500 84446
2019-06-10 16:39:47,738 ERROR "HEAD /ansible/opt_task_api/ HTTP/1.1" 500 84446
2019-06-10 16:39:58,307 ERROR "GET /ansible/opt_task_api/ HTTP/1.1" 500 86896
2019-06-10 16:39:58,871 WARNING "GET /favicon.ico HTTP/1.1" 404 2629
2019-06-10 16:40:22,225 INFO "GET /ansible/opt_task_api/ HTTP/1.1" 200 35
2019-06-10 16:40:22,473 INFO "GET /ansible/opt_task_api/ HTTP/1.1" 200 35
2019-06-10 19:02:24,013 WARNING "GET /ansible/opt_task_api/ HTTP/1.1" 405 0
2019-06-10 19:02:25,030 WARNING "GET /ansible/opt_task_api/ HTTP/1.1" 405 0
2019-06-10 19:51:41,194 INFO "GET / HTTP/1.1" 302 0
2019-06-10 19:51:41,255 INFO "GET /ansible/ HTTP/1.1" 200 7270
2019-06-10 19:51:41,363 INFO "GET /static/jsonformat.css HTTP/1.1" 200 551
2019-06-10 19:51:41,368 INFO "GET /static/codecss/default.css HTTP/1.1" 200 4438
2019-06-10 19:51:41,369 INFO "GET /static/bootstrap/css/bootstrap-theme.min.css HTTP/1.1" 200 23357
2019-06-10 19:51:41,374 INFO "GET /static/jsonformat.js HTTP/1.1" 200 969
2019-06-10 19:51:41,382 INFO "GET /static/bootstrap/js/bootstrap.min.js HTTP/1.1" 200 36816
2019-06-10 19:51:41,382 INFO "GET /static/jquery.min.js HTTP/1.1" 200 84249
2019-06-10 19:51:41,391 INFO "GET /static/echarts.min.js HTTP/1.1" 200 747588
2019-06-10 19:51:41,392 INFO "GET /static/bootstrap/css/bootstrap.min.css HTTP/1.1" 200 122540
2019-06-10 19:51:41,543 INFO "GET /static/images/019.jpg HTTP/1.1" 200 214531
2019-06-10 19:51:43,350 INFO "GET /ansible/push_playbook HTTP/1.1" 200 15829
2019-06-10 19:52:40,733 ERROR "GET /ansible/push_playbook HTTP/1.1" 500 86110
2019-06-10 19:52:51,355 INFO "GET /ansible/push_playbook HTTP/1.1" 200 15829
2019-06-10 19:52:51,631 INFO "GET /static/favicon.ico HTTP/1.1" 200 48053
2019-06-10 20:01:39,793 INFO "GET /ansible/push_playbook HTTP/1.1" 200 15829
2019-06-10 20:01:40,012 INFO "GET /static/favicon.ico HTTP/1.1" 200 48053
2019-06-10 20:01:40,484 INFO "GET /ansible/push_playbook HTTP/1.1" 200 15829
2019-06-10 20:01:40,640 INFO "GET /static/favicon.ico HTTP/1.1" 200 48053
2019-06-10 20:03:03,239 INFO "GET /ansible/push_playbook HTTP/1.1" 200 15829
2019-06-10 20:03:03,510 INFO "GET /static/favicon.ico HTTP/1.1" 200 48053
2019-06-10 20:27:56,406 ERROR "GET /ansible/get_groups/esign_product HTTP/1.1" 500 20290
2019-06-10 20:27:58,190 ERROR "GET /ansible/get_groups/esign_product HTTP/1.1" 500 20290
2019-06-10 20:27:58,686 ERROR "GET /ansible/get_groups/esign_product HTTP/1.1" 500 20290
2019-06-10 20:27:58,898 ERROR "GET /ansible/get_groups/esign_product HTTP/1.1" 500 20290
2019-06-10 20:27:59,075 ERROR "GET /ansible/get_groups/esign_product HTTP/1.1" 500 20290
2019-06-10 20:27:59,241 ERROR "GET /ansible/get_groups/esign_product HTTP/1.1" 500 20290
2019-06-10 20:27:59,662 ERROR "GET /ansible/get_groups/esign_product HTTP/1.1" 500 20290
2019-06-11 14:48:38,691 INFO "GET / HTTP/1.1" 302 0
2019-06-11 14:48:38,743 INFO "GET /ansible/ HTTP/1.1" 200 7341
2019-06-11 14:48:38,821 INFO "GET /static/jsonformat.css HTTP/1.1" 304 0
2019-06-11 14:48:38,823 INFO "GET /static/style/font-awesome.min.css HTTP/1.1" 200 29063
2019-06-11 14:48:38,879 INFO "GET /ansible/ HTTP/1.1" 200 7341
2019-06-11 14:48:39,336 INFO "GET /static/favicon.ico HTTP/1.1" 200 48053
2019-06-11 14:48:40,726 INFO "GET /ansible/dashboard HTTP/1.1" 200 5749
2019-06-11 14:48:40,837 WARNING "GET /static/fonts/fontawesome-webfont.woff2?v=4.6.3 HTTP/1.1" 404 1725
2019-06-11 14:48:40,875 WARNING "GET /static/fonts/fontawesome-webfont.woff?v=4.6.3 HTTP/1.1" 404 1722
2019-06-11 14:48:40,892 WARNING "GET /static/fonts/fontawesome-webfont.ttf?v=4.6.3 HTTP/1.1" 404 1719
2019-06-11 14:48:43,739 INFO "GET /ansible/dashboard HTTP/1.1" 200 5749
2019-06-11 14:48:43,801 INFO "GET /static/bootstrap/css/bootstrap-theme.min.css HTTP/1.1" 200 23357
2019-06-11 14:48:43,802 INFO "GET /static/codecss/default.css HTTP/1.1" 200 4438
2019-06-11 14:48:43,805 INFO "GET /static/style/font-awesome.min.css HTTP/1.1" 200 29063
2019-06-11 14:48:43,807 INFO "GET /static/jsonformat.css HTTP/1.1" 200 551
2019-06-11 14:48:43,816 INFO "GET /static/jsonformat.js HTTP/1.1" 200 969
2019-06-11 14:48:43,818 INFO "GET /static/bootstrap/css/bootstrap.min.css HTTP/1.1" 200 122540
2019-06-11 14:48:43,819 INFO "GET /static/jquery.min.js HTTP/1.1" 200 84249
2019-06-11 14:48:43,823 INFO "GET /static/bootstrap/js/bootstrap.min.js HTTP/1.1" 200 36816
2019-06-11 14:48:43,834 INFO "GET /static/echarts.min.js HTTP/1.1" 200 747588
2019-06-11 14:48:43,923 WARNING "GET /static/fonts/fontawesome-webfont.woff2?v=4.6.3 HTTP/1.1" 404 1725
2019-06-11 14:48:43,925 INFO "GET /static/images/019.jpg HTTP/1.1" 200 214531
2019-06-11 14:48:43,965 WARNING "GET /static/fonts/fontawesome-webfont.woff?v=4.6.3 HTTP/1.1" 404 1722
2019-06-11 14:48:43,976 WARNING "GET /static/fonts/fontawesome-webfont.ttf?v=4.6.3 HTTP/1.1" 404 1719
2019-06-11 14:48:44,015 INFO "GET /static/favicon.ico HTTP/1.1" 200 48053
2019-06-11 14:48:50,113 INFO "GET /ansible/dashboard HTTP/1.1" 200 5749
2019-06-11 14:48:50,395 WARNING "GET /static/fonts/fontawesome-webfont.woff2?v=4.6.3 HTTP/1.1" 404 1725
2019-06-11 14:48:50,533 WARNING "GET /static/fonts/fontawesome-webfont.woff?v=4.6.3 HTTP/1.1" 404 1722
2019-06-11 14:48:50,573 WARNING "GET /static/fonts/fontawesome-webfont.ttf?v=4.6.3 HTTP/1.1" 404 1719
2019-06-11 14:48:50,606 INFO "GET /static/favicon.ico HTTP/1.1" 200 48053
2019-06-11 14:49:44,044 INFO "GET /ansible/dashboard HTTP/1.1" 200 5749
2019-06-11 14:49:44,264 WARNING "GET /static/fonts/fontawesome-webfont.woff2?v=4.6.3 HTTP/1.1" 404 1725
2019-06-11 14:49:44,393 WARNING "GET /static/fonts/fontawesome-webfont.woff?v=4.6.3 HTTP/1.1" 404 1722
2019-06-11 14:49:44,427 WARNING "GET /static/fonts/fontawesome-webfont.ttf?v=4.6.3 HTTP/1.1" 404 1719
2019-06-11 14:49:44,467 INFO "GET /static/favicon.ico HTTP/1.1" 200 48053
2019-06-11 14:49:45,190 INFO "GET /ansible/dashboard HTTP/1.1" 200 5749
2019-06-11 14:49:45,362 WARNING "GET /static/fonts/fontawesome-webfont.woff2?v=4.6.3 HTTP/1.1" 404 1725
2019-06-11 14:49:45,440 WARNING "GET /static/fonts/fontawesome-webfont.woff?v=4.6.3 HTTP/1.1" 404 1722
2019-06-11 14:49:45,461 WARNING "GET /static/fonts/fontawesome-webfont.ttf?v=4.6.3 HTTP/1.1" 404 1719
2019-06-11 14:49:45,490 INFO "GET /static/favicon.ico HTTP/1.1" 200 48053
2019-06-11 14:49:46,554 INFO "GET /ansible/dashboard HTTP/1.1" 200 5749
2019-06-11 14:49:46,601 INFO "GET /static/codecss/default.css HTTP/1.1" 200 4438
2019-06-11 14:49:46,609 INFO "GET /static/jsonformat.css HTTP/1.1" 200 551
2019-06-11 14:49:46,625 INFO "GET /static/bootstrap/css/bootstrap-theme.min.css HTTP/1.1" 200 23357
2019-06-11 14:49:46,626 INFO "GET /static/jsonformat.js HTTP/1.1" 200 969
2019-06-11 14:49:46,633 INFO "GET /static/bootstrap/css/bootstrap.min.css HTTP/1.1" 200 122540
2019-06-11 14:49:46,633 INFO "GET /static/style/font-awesome.min.css HTTP/1.1" 200 29063
2019-06-11 14:49:46,633 INFO "GET /static/jquery.min.js HTTP/1.1" 200 84249
2019-06-11 14:49:46,636 INFO "GET /static/bootstrap/js/bootstrap.min.js HTTP/1.1" 200 36816
2019-06-11 14:49:46,647 INFO "GET /static/echarts.min.js HTTP/1.1" 200 747588
2019-06-11 14:49:46,818 WARNING "GET /static/fonts/fontawesome-webfont.woff2?v=4.6.3 HTTP/1.1" 404 1725
2019-06-11 14:49:46,822 INFO "GET /static/images/019.jpg HTTP/1.1" 200 214531
2019-06-11 14:49:46,926 WARNING "GET /static/fonts/fontawesome-webfont.woff?v=4.6.3 HTTP/1.1" 404 1722
2019-06-11 14:49:46,970 WARNING "GET /static/fonts/fontawesome-webfont.ttf?v=4.6.3 HTTP/1.1" 404 1719
2019-06-11 14:49:47,094 INFO "GET /static/favicon.ico HTTP/1.1" 200 48053
2019-06-11 14:50:01,683 INFO "GET /ansible/dashboard HTTP/1.1" 200 5749
2019-06-11 14:50:01,979 INFO "GET /static/fonts/fontawesome-webfont.woff2?v=4.6.3 HTTP/1.1" 200 71896
2019-06-11 14:50:02,083 INFO "GET /static/favicon.ico HTTP/1.1" 200 48053
2019-06-11 14:50:03,347 INFO "GET /ansible/dashboard HTTP/1.1" 200 5749
2019-06-11 14:50:03,405 INFO "GET /static/codecss/default.css HTTP/1.1" 200 4438
2019-06-11 14:50:03,406 INFO "GET /static/jsonformat.css HTTP/1.1" 200 551
2019-06-11 14:50:03,406 INFO "GET /static/bootstrap/css/bootstrap-theme.min.css HTTP/1.1" 200 23357
2019-06-11 14:50:03,407 INFO "GET /static/style/font-awesome.min.css HTTP/1.1" 200 29063
2019-06-11 14:50:03,408 INFO "GET /static/jquery.min.js HTTP/1.1" 200 84249
2019-06-11 14:50:03,414 INFO "GET /static/jsonformat.js HTTP/1.1" 200 969
2019-06-11 14:50:03,414 INFO "GET /static/bootstrap/js/bootstrap.min.js HTTP/1.1" 200 36816
2019-06-11 14:50:03,418 INFO "GET /static/echarts.min.js HTTP/1.1" 200 747588
2019-06-11 14:50:03,419 INFO "GET /static/bootstrap/css/bootstrap.min.css HTTP/1.1" 200 122540
2019-06-11 14:50:03,577 INFO "GET /static/fonts/fontawesome-webfont.woff2?v=4.6.3 HTTP/1.1" 200 71896
2019-06-11 14:50:03,578 INFO "GET /static/images/019.jpg HTTP/1.1" 200 214531
2019-06-11 14:50:03,747 INFO "GET /static/favicon.ico HTTP/1.1" 200 48053
2019-06-11 14:51:44,010 INFO "GET /ansible/dashboard HTTP/1.1" 200 5749
2019-06-11 14:51:44,506 INFO "GET /static/favicon.ico HTTP/1.1" 200 48053
2019-06-11 14:51:45,379 INFO "GET /ansible/dashboard HTTP/1.1" 200 5749
2019-06-11 14:51:45,429 INFO "GET /static/jsonformat.css HTTP/1.1" 200 551
2019-06-11 14:51:45,430 INFO "GET /static/codecss/default.css HTTP/1.1" 200 4438
2019-06-11 14:51:45,434 INFO "GET /static/bootstrap/css/bootstrap-theme.min.css HTTP/1.1" 200 23357
2019-06-11 14:51:45,435 INFO "GET /static/jquery.min.js HTTP/1.1" 200 84249
2019-06-11 14:51:45,437 INFO "GET /static/bootstrap/css/bootstrap.min.css HTTP/1.1" 200 122540
2019-06-11 14:51:45,439 INFO "GET /static/style/font-awesome.min.css HTTP/1.1" 200 29063
2019-06-11 14:51:45,446 INFO "GET /static/jsonformat.js HTTP/1.1" 200 969
2019-06-11 14:51:45,472 INFO "GET /static/bootstrap/js/bootstrap.min.js HTTP/1.1" 200 36816
2019-06-11 14:51:45,488 INFO "GET /static/echarts.min.js HTTP/1.1" 200 747588
2019-06-11 14:51:45,649 INFO "GET /static/fonts/fontawesome-webfont.woff2?v=4.6.3 HTTP/1.1" 200 71896
2019-06-11 14:51:45,652 INFO "GET /static/images/019.jpg HTTP/1.1" 200 214531
2019-06-11 14:51:45,823 INFO "GET /static/favicon.ico HTTP/1.1" 200 48053
2019-06-11 14:52:15,832 INFO "GET /ansible/dashboard HTTP/1.1" 200 5817
2019-06-11 14:52:15,888 INFO "GET /static/style/sb-admin-2.css HTTP/1.1" 200 8420
2019-06-11 14:52:16,192 INFO "GET /static/favicon.ico HTTP/1.1" 200 48053
2019-06-11 15:18:20,157 INFO "GET /ansible/dashboard HTTP/1.1" 200 5819
2019-06-11 15:18:20,209 INFO "GET /static/style/sb-admin-2.css HTTP/1.1" 200 8420
2019-06-11 15:18:20,517 INFO "GET /static/favicon.ico HTTP/1.1" 200 48053
2019-06-11 15:22:56,114 INFO "GET /ansible/dashboard HTTP/1.1" 200 6705
2019-06-11 15:22:56,434 INFO "GET /static/favicon.ico HTTP/1.1" 200 48053
2019-06-11 15:23:14,532 INFO "GET /ansible/dashboard HTTP/1.1" 200 6709
2019-06-11 15:23:14,849 INFO "GET /static/favicon.ico HTTP/1.1" 200 48053
2019-06-11 15:23:26,729 INFO "GET /ansible/dashboard HTTP/1.1" 200 6710
2019-06-11 15:23:27,064 INFO "GET /static/favicon.ico HTTP/1.1" 200 48053
2019-06-11 15:24:06,626 INFO "GET /ansible/dashboard HTTP/1.1" 200 7640
2019-06-11 15:24:06,949 INFO "GET /static/favicon.ico HTTP/1.1" 200 48053
2019-06-11 15:24:35,652 INFO "GET /ansible/dashboard HTTP/1.1" 200 7652
2019-06-11 15:24:35,991 INFO "GET /static/favicon.ico HTTP/1.1" 200 48053
2019-06-11 15:24:57,856 INFO "GET /ansible/dashboard HTTP/1.1" 200 7654
2019-06-11 15:24:58,241 INFO "GET /static/favicon.ico HTTP/1.1" 200 48053
2019-06-11 15:25:19,667 INFO "GET /ansible/dashboard HTTP/1.1" 200 7655
2019-06-11 15:25:19,961 INFO "GET /static/favicon.ico HTTP/1.1" 200 48053
2019-06-11 15:25:53,807 INFO "GET /ansible/dashboard HTTP/1.1" 200 7657
2019-06-11 15:25:54,108 INFO "GET /static/favicon.ico HTTP/1.1" 200 48053
2019-06-11 15:34:40,353 INFO "GET /ansible/dashboard HTTP/1.1" 200 7697
2019-06-11 15:34:40,704 INFO "GET /static/favicon.ico HTTP/1.1" 200 48053
2019-06-11 15:34:46,801 ERROR "GET /ansible/get_hosts HTTP/1.1" 500 290938
2019-06-11 15:34:47,335 WARNING "GET /favicon.ico HTTP/1.1" 404 2629
